<?xml version="1.0" encoding="UTF-8"?>
<!-- Generated by org.testng.reporters.JUnitXMLReporter -->
<testsuite ignored="0" hostname="DESKTOP-A7NQLM0" failures="3" tests="7" name="BankingApp Test" time="76.848" errors="0" timestamp="2021-06-25T23:44:05 CEST">
  <testcase classname="com.banking.testCases.TC_LoginTest_001" name="loginTest" time="2.325"/>
  <testcase classname="com.banking.testCases.TC_LoginDDT_002" name="loginDTT" time="9.009"/>
  <testcase classname="com.banking.testCases.TC_LoginDDT_002" name="loginDTT" time="4.407">
    <failure type="java.lang.AssertionError">
      <![CDATA[java.lang.AssertionError
at org.junit.Assert.fail(Assert.java:86)
at org.junit.Assert.assertTrue(Assert.java:41)
at org.junit.Assert.assertTrue(Assert.java:52)
at com.banking.testCases.TC_LoginDDT_002.loginDTT(TC_LoginDDT_002.java:31)
at java.base/java.util.ArrayList.forEach(ArrayList.java:1511)
... Removed 27 stack frames]]>
    </failure>
  </testcase> <!-- loginDTT -->
  <testcase classname="com.banking.testCases.TC_LoginDDT_002" name="loginDTT" time="4.425">
    <failure type="java.lang.AssertionError">
      <![CDATA[java.lang.AssertionError
at org.junit.Assert.fail(Assert.java:86)
at org.junit.Assert.assertTrue(Assert.java:41)
at org.junit.Assert.assertTrue(Assert.java:52)
at com.banking.testCases.TC_LoginDDT_002.loginDTT(TC_LoginDDT_002.java:31)
at java.base/java.util.ArrayList.forEach(ArrayList.java:1511)
... Removed 27 stack frames]]>
    </failure>
  </testcase> <!-- loginDTT -->
  <testcase classname="com.banking.testCases.TC_LoginDDT_002" name="loginDTT" time="8.651"/>
  <testcase classname="com.banking.testCases.TC_LoginDDT_002" name="loginDTT" time="4.428">
    <failure type="java.lang.AssertionError">
      <![CDATA[java.lang.AssertionError
at org.junit.Assert.fail(Assert.java:86)
at org.junit.Assert.assertTrue(Assert.java:41)
at org.junit.Assert.assertTrue(Assert.java:52)
at com.banking.testCases.TC_LoginDDT_002.loginDTT(TC_LoginDDT_002.java:31)
at java.base/java.util.ArrayList.forEach(ArrayList.java:1511)
... Removed 27 stack frames]]>
    </failure>
  </testcase> <!-- loginDTT -->
  <testcase classname="com.banking.testCases.TC_AddCustomerTest_003" name="addNewCustomer" time="15.889"/>
</testsuite> <!-- BankingApp Test -->
